2012-08-02 12:11:54 Debug: Notice (1024): Please change the value of 'Security.salt' in app/config/core.php to a salt value specific to your application in [C:\wamp\www\uaiti\cake\libs\debugger.php, line 697]
2012-08-02 12:11:54 Debug: Notice (1024): Please change the value of 'Security.cipherSeed' in app/config/core.php to a numeric (digits only) seed value specific to your application in [C:\wamp\www\uaiti\cake\libs\debugger.php, line 701]
2012-08-02 12:19:45 Debug: Notice (1024): Please change the value of 'Security.salt' in app/config/core.php to a salt value specific to your application in [C:\wamp\www\uaiti\cake\libs\debugger.php, line 697]
2012-08-02 12:19:45 Debug: Notice (1024): Please change the value of 'Security.cipherSeed' in app/config/core.php to a numeric (digits only) seed value specific to your application in [C:\wamp\www\uaiti\cake\libs\debugger.php, line 701]
2012-08-02 12:19:48 Debug: Notice (1024): Please change the value of 'Security.salt' in app/config/core.php to a salt value specific to your application in [C:\wamp\www\uaiti\cake\libs\debugger.php, line 697]
2012-08-02 12:19:48 Debug: Notice (1024): Please change the value of 'Security.cipherSeed' in app/config/core.php to a numeric (digits only) seed value specific to your application in [C:\wamp\www\uaiti\cake\libs\debugger.php, line 701]
2012-08-02 13:16:38 Debug: Notice (8): Undefined property: BooksController::$Usuario in [C:\wamp\www\uaiti\app\controllers\books_controller.php, line 18]
2012-08-02 13:44:45 Debug: Notice (8): Undefined property: BooksController::$books in [C:\wamp\www\uaiti\app\controllers\books_controller.php, line 7]
2012-08-02 14:03:22 Debug: Notice (8): Undefined property: BooksController::$renderJson in [C:\wamp\www\uaiti\app\controllers\books_controller.php, line 12]
2012-08-02 16:45:39 Debug: Notice (8): Trying to get property of non-object in [C:\wamp\www\uaiti\app\controllers\books_controller.php, line 16]
2012-08-02 16:47:05 Debug: Notice (8): Undefined variable: one in [C:\wamp\www\uaiti\cake\libs\controller\controller.php, line 758]
2012-08-02 16:47:05 Debug: Notice (8): Undefined variable: one in [C:\wamp\www\uaiti\cake\libs\controller\controller.php, line 765]
2012-08-02 17:44:57 Debug: Notice (8): Undefined index: [{title: 'Fahrenheit 451', author:'R. Bradbury'},{title: 'The Silmarillion', author:'J.R.R. Tolkien'},{title: '1984', author:'G. Orwell'},{title: 'Frankenstein', author:'M. Shelley'},{title: 'The Moon Is a Harsh Mistress', author:'R. A. Heinlein'},{title: 'Budapeste', author:'Chico Buarque'},{title: 'The Catcher in the Rye', author:'J. D. Salinger'},{title: 'O Velho e O Mar', author:'Ernest Hemingway'},{title: 'O Natal de Poirot', author:'Agatha Christie'},] in [C:\wamp\www\uaiti\app\views\json.php, line 19]
2012-08-02 18:00:29 Debug: Notice (8): Undefined index: Array{title: 'Fahrenheit 451', author:'R. Bradbury'},{title: 'The Silmarillion', author:'J.R.R. Tolkien'},{title: '1984', author:'G. Orwell'},{title: 'Frankenstein', author:'M. Shelley'},{title: 'The Moon Is a Harsh Mistress', author:'R. A. Heinlein'},{title: 'Budapeste', author:'Chico Buarque'},{title: 'The Catcher in the Rye', author:'J. D. Salinger'},{title: 'O Velho e O Mar', author:'Ernest Hemingway'},{title: 'O Natal de Poirot', author:'Agatha Christie'}, in [C:\wamp\www\uaiti\app\views\json.php, line 19]
2012-08-02 18:01:52 Debug: Notice (8): Undefined index: Array{title: 'Fahrenheit 451', author:'R. Bradbury'},{title: 'The Silmarillion', author:'J.R.R. Tolkien'},{title: '1984', author:'G. Orwell'},{title: 'Frankenstein', author:'M. Shelley'},{title: 'The Moon Is a Harsh Mistress', author:'R. A. Heinlein'},{title: 'Budapeste', author:'Chico Buarque'},{title: 'The Catcher in the Rye', author:'J. D. Salinger'},{title: 'O Velho e O Mar', author:'Ernest Hemingway'},{title: 'O Natal de Poirot', author:'Agatha Christie'}, in [C:\wamp\www\uaiti\app\views\json.php, line 19]
2012-08-02 18:02:57 Debug: Notice (8): Undefined index: Array{title: 'Fahrenheit 451', author:'R. Bradbury'},{title: 'The Silmarillion', author:'J.R.R. Tolkien'},{title: '1984', author:'G. Orwell'},{title: 'Frankenstein', author:'M. Shelley'},{title: 'The Moon Is a Harsh Mistress', author:'R. A. Heinlein'},{title: 'Budapeste', author:'Chico Buarque'},{title: 'The Catcher in the Rye', author:'J. D. Salinger'},{title: 'O Velho e O Mar', author:'Ernest Hemingway'},{title: 'O Natal de Poirot', author:'Agatha Christie'}, in [C:\wamp\www\uaiti\app\views\json.php, line 19]
2012-08-02 18:03:31 Debug: Notice (8): Undefined index: Array{title: 'Fahrenheit 451', author:'R. Bradbury'},{title: 'The Silmarillion', author:'J.R.R. Tolkien'},{title: '1984', author:'G. Orwell'},{title: 'Frankenstein', author:'M. Shelley'},{title: 'The Moon Is a Harsh Mistress', author:'R. A. Heinlein'},{title: 'Budapeste', author:'Chico Buarque'},{title: 'The Catcher in the Rye', author:'J. D. Salinger'},{title: 'O Velho e O Mar', author:'Ernest Hemingway'},{title: 'O Natal de Poirot', author:'Agatha Christie'}, in [C:\wamp\www\uaiti\app\views\json.php, line 19]
2012-08-02 18:03:59 Debug: Notice (8): Undefined index: Array{title: 'Fahrenheit 451', author:'R. Bradbury'},{title: 'The Silmarillion', author:'J.R.R. Tolkien'},{title: '1984', author:'G. Orwell'},{title: 'Frankenstein', author:'M. Shelley'},{title: 'The Moon Is a Harsh Mistress', author:'R. A. Heinlein'},{title: 'Budapeste', author:'Chico Buarque'},{title: 'The Catcher in the Rye', author:'J. D. Salinger'},{title: 'O Velho e O Mar', author:'Ernest Hemingway'},{title: 'O Natal de Poirot', author:'Agatha Christie'},] in [C:\wamp\www\uaiti\app\views\json.php, line 19]
2012-08-02 18:04:42 Debug: Notice (8): Undefined index: [{title: 'Fahrenheit 451', author:'R. Bradbury'},{title: 'The Silmarillion', author:'J.R.R. Tolkien'},{title: '1984', author:'G. Orwell'},{title: 'Frankenstein', author:'M. Shelley'},{title: 'The Moon Is a Harsh Mistress', author:'R. A. Heinlein'},{title: 'Budapeste', author:'Chico Buarque'},{title: 'The Catcher in the Rye', author:'J. D. Salinger'},{title: 'O Velho e O Mar', author:'Ernest Hemingway'},{title: 'O Natal de Poirot', author:'Agatha Christie'},] in [C:\wamp\www\uaiti\app\views\json.php, line 19]
2012-08-02 18:05:21 Debug: Notice (8): Undefined index: [{title: 'Fahrenheit 451', author:'R. Bradbury'},{title: 'The Silmarillion', author:'J.R.R. Tolkien'},{title: '1984', author:'G. Orwell'},{title: 'Frankenstein', author:'M. Shelley'},{title: 'The Moon Is a Harsh Mistress', author:'R. A. Heinlein'},{title: 'Budapeste', author:'Chico Buarque'},{title: 'The Catcher in the Rye', author:'J. D. Salinger'},{title: 'O Velho e O Mar', author:'Ernest Hemingway'},{title: 'O Natal de Poirot', author:'Agatha Christie'},] in [C:\wamp\www\uaiti\app\views\json.php, line 19]
2012-08-02 18:05:42 Debug: Notice (8): Undefined index: [{title: 'Fahrenheit 451', author:'R. Bradbury'},{title: 'The Silmarillion', author:'J.R.R. Tolkien'},{title: '1984', author:'G. Orwell'},{title: 'Frankenstein', author:'M. Shelley'},{title: 'The Moon Is a Harsh Mistress', author:'R. A. Heinlein'},{title: 'Budapeste', author:'Chico Buarque'},{title: 'The Catcher in the Rye', author:'J. D. Salinger'},{title: 'O Velho e O Mar', author:'Ernest Hemingway'},{title: 'O Natal de Poirot', author:'Agatha Christie'},] in [C:\wamp\www\uaiti\app\views\json.php, line 19]
2012-08-02 18:12:39 Debug: Notice (8): Undefined index: [{title: 'Fahrenheit 451', author:'R. Bradbury'},{title: 'The Silmarillion', author:'J.R.R. Tolkien'},{title: '1984', author:'G. Orwell'},{title: 'Frankenstein', author:'M. Shelley'},{title: 'The Moon Is a Harsh Mistress', author:'R. A. Heinlein'},{title: 'Budapeste', author:'Chico Buarque'},{title: 'The Catcher in the Rye', author:'J. D. Salinger'},{title: 'O Velho e O Mar', author:'Ernest Hemingway'},{title: 'O Natal de Poirot', author:'Agatha Christie'},] in [C:\wamp\www\uaiti\app\views\json.php, line 19]
2012-08-02 18:18:54 Debug: Notice (8): Undefined variable: li_aut in [C:\wamp\www\uaiti\app\controllers\books_controller.php, line 16]
2012-08-02 18:18:54 Debug: Notice (8): Undefined index: book in [C:\wamp\www\uaiti\app\views\json.php, line 19]
2012-08-02 18:19:29 Debug: Notice (8): Undefined variable: li_aut in [C:\wamp\www\uaiti\app\controllers\books_controller.php, line 16]
2012-08-02 18:33:49 Debug: Notice (8): Undefined variable: livros in [C:\wamp\www\uaiti\app\views\books\index.ctp, line 1]
2012-08-02 18:53:46 Debug: Notice (8): Undefined variable: vars in [C:\wamp\www\uaiti\app\views\json.php, line 22]
2012-08-02 19:00:12 Debug: Notice (8): Undefined index: books in [C:\wamp\www\uaiti\app\controllers\books_controller.php, line 13]
2012-08-02 19:03:32 Debug: Notice (8): Undefined variable: livros in [C:\wamp\www\uaiti\app\views\books\index.ctp, line 1]
2012-08-02 19:03:52 Debug: Notice (8): Undefined variable: livros in [C:\wamp\www\uaiti\app\views\books\index.ctp, line 1]
2012-08-02 19:04:12 Debug: Notice (8): Undefined variable: livros in [C:\wamp\www\uaiti\app\views\books\index.ctp, line 1]
2012-08-02 19:05:43 Debug: Notice (8): Undefined index: books in [C:\wamp\www\uaiti\app\controllers\books_controller.php, line 13]
2012-08-02 19:05:43 Debug: Notice (8): Undefined variable: livros in [C:\wamp\www\uaiti\app\views\books\index.ctp, line 1]
2012-08-02 19:06:51 Debug: Notice (8): Undefined index: books in [C:\wamp\www\uaiti\app\controllers\books_controller.php, line 13]
2012-08-02 19:06:51 Debug: Notice (8): Undefined variable: livros in [C:\wamp\www\uaiti\app\views\books\index.ctp, line 1]
2012-08-02 19:07:41 Debug: Notice (8): Undefined variable: livros in [C:\wamp\www\uaiti\app\views\books\index.ctp, line 1]
2012-08-02 19:08:15 Debug: Notice (8): Undefined variable: livros in [C:\wamp\www\uaiti\app\views\books\index.ctp, line 1]
2012-08-03 00:56:59 Debug: Notice (8): Undefined variable: autor in [C:\wamp\www\uaiti\app\controllers\books_controller.php, line 23]
2012-08-03 00:59:00 Debug: Notice (8): Undefined property: BooksController::$Recipe in [C:\wamp\www\uaiti\app\controllers\books_controller.php, line 23]
2012-08-03 00:59:32 Debug: Notice (8): Undefined property: BooksController::$Recipe in [C:\wamp\www\uaiti\app\controllers\books_controller.php, line 23]
2012-08-03 01:22:19 Debug: Notice (8): Undefined variable: autor in [C:\wamp\www\uaiti\app\controllers\books_controller.php, line 25]
2012-08-03 01:22:25 Debug: Notice (8): Undefined variable: autor in [C:\wamp\www\uaiti\app\controllers\books_controller.php, line 25]
2012-08-03 01:48:17 Debug: Notice (8): Trying to get property of non-object in [C:\wamp\www\uaiti\app\controllers\books_controller.php, line 29]
2012-08-03 02:01:53 Debug: Notice (8): Undefined index: Book in [C:\wamp\www\uaiti\app\controllers\books_controller.php, line 28]
2012-08-03 03:00:56 Debug: Notice (8): Undefined variable: author in [C:\wamp\www\uaiti\app\controllers\books_controller.php, line 30]
2012-08-03 03:05:57 Debug: Notice (8): Undefined variable: title in [C:\wamp\www\uaiti\app\controllers\books_controller.php, line 37]
2012-08-03 03:06:02 Debug: Notice (8): Undefined variable: author in [C:\wamp\www\uaiti\app\controllers\books_controller.php, line 30]
2012-08-03 03:07:03 Debug: Notice (8): Undefined variable: title in [C:\wamp\www\uaiti\app\controllers\books_controller.php, line 37]
2012-08-03 03:07:37 Debug: Notice (8): Undefined variable: title in [C:\wamp\www\uaiti\app\controllers\books_controller.php, line 37]
2012-08-03 03:07:39 Debug: Notice (8): Undefined variable: title in [C:\wamp\www\uaiti\app\controllers\books_controller.php, line 37]
