2012-08-02 13:28:25 Warning: Warning (512): <span style="color:Red;text-align:left"><b>SQL Error:</b> 1054: Unknown column 'books.title' in 'field list'</span> in [C:\wamp\www\uaiti\cake\libs\model\datasources\dbo_source.php, line 684]
2012-08-02 13:31:23 Warning: Warning (512): <span style="color:Red;text-align:left"><b>SQL Error:</b> 1064: You have an error in your SQL syntax; check the manual that corresponds to your MySQL server version for the right syntax to use near 'DISTINCT `books`.`title` FROM `books` AS `Book`   WHERE 1 = 1' at line 1</span> in [C:\wamp\www\uaiti\cake\libs\model\datasources\dbo_source.php, line 684]
2012-08-02 13:39:54 Warning: Warning (512): <span style="color:Red;text-align:left"><b>SQL Error:</b> 1054: Unknown column 'books.title' in 'field list'</span> in [C:\wamp\www\uaiti\cake\libs\model\datasources\dbo_source.php, line 684]
2012-08-02 13:42:06 Warning: Warning (512): <span style="color:Red;text-align:left"><b>SQL Error:</b> 1054: Unknown column 'books.title' in 'field list'</span> in [C:\wamp\www\uaiti\cake\libs\model\datasources\dbo_source.php, line 684]
2012-08-02 13:42:09 Warning: Warning (512): <span style="color:Red;text-align:left"><b>SQL Error:</b> 1054: Unknown column 'books.title' in 'field list'</span> in [C:\wamp\www\uaiti\cake\libs\model\datasources\dbo_source.php, line 684]
2012-08-02 13:46:48 Warning: Warning (512): <span style="color:Red;text-align:left"><b>SQL Error:</b> 1054: Unknown column 'books.title' in 'field list'</span> in [C:\wamp\www\uaiti\cake\libs\model\datasources\dbo_source.php, line 684]
2012-08-02 16:47:05 Warning: Warning (2): Missing argument 1 for Controller::set(), called in C:\wamp\www\uaiti\app\controllers\books_controller.php on line 16 and defined in [C:\wamp\www\uaiti\cake\libs\controller\controller.php, line 755]
2012-08-02 16:48:37 Warning: Warning (512): <span style="color:Red;text-align:left"><b>SQL Error:</b> 1064: You have an error in your SQL syntax; check the manual that corresponds to your MySQL server version for the right syntax to use near 'findAll' at line 1</span> in [C:\wamp\www\uaiti\cake\libs\model\datasources\dbo_source.php, line 684]
2012-08-02 17:10:10 Warning: Warning (2): Attempt to assign property of non-object in [C:\wamp\www\uaiti\cake\libs\set.php, line 213]
2012-08-02 17:10:10 Warning: Warning (2): get_class() expects parameter 1 to be object, string given in [C:\wamp\www\uaiti\cake\libs\xml.php, line 208]
2012-08-02 17:27:42 Warning: Warning (2): Attempt to assign property of non-object in [C:\wamp\www\uaiti\cake\libs\set.php, line 213]
2012-08-02 17:27:42 Warning: Warning (2): get_class() expects parameter 1 to be object, string given in [C:\wamp\www\uaiti\cake\libs\xml.php, line 208]
2012-08-02 17:28:41 Warning: Warning (2): Attempt to assign property of non-object in [C:\wamp\www\uaiti\cake\libs\set.php, line 213]
2012-08-02 17:28:41 Warning: Warning (2): get_class() expects parameter 1 to be object, string given in [C:\wamp\www\uaiti\cake\libs\xml.php, line 208]
2012-08-02 17:29:31 Warning: Warning (2): Attempt to assign property of non-object in [C:\wamp\www\uaiti\cake\libs\set.php, line 213]
2012-08-02 17:29:31 Warning: Warning (2): get_class() expects parameter 1 to be object, string given in [C:\wamp\www\uaiti\cake\libs\xml.php, line 208]
2012-08-02 17:29:49 Warning: Warning (2): Attempt to assign property of non-object in [C:\wamp\www\uaiti\cake\libs\set.php, line 213]
2012-08-02 17:29:49 Warning: Warning (2): get_class() expects parameter 1 to be object, string given in [C:\wamp\www\uaiti\cake\libs\xml.php, line 208]
2012-08-02 17:35:20 Warning: Warning (2): Attempt to assign property of non-object in [C:\wamp\www\uaiti\cake\libs\set.php, line 213]
2012-08-02 17:35:20 Warning: Warning (2): get_class() expects parameter 1 to be object, string given in [C:\wamp\www\uaiti\cake\libs\xml.php, line 208]
2012-08-02 17:36:00 Warning: Warning (2): Attempt to assign property of non-object in [C:\wamp\www\uaiti\cake\libs\set.php, line 213]
2012-08-02 17:36:00 Warning: Warning (2): get_class() expects parameter 1 to be object, string given in [C:\wamp\www\uaiti\cake\libs\xml.php, line 208]
2012-08-02 17:36:41 Warning: Warning (2): Attempt to assign property of non-object in [C:\wamp\www\uaiti\cake\libs\set.php, line 213]
2012-08-02 17:36:41 Warning: Warning (2): get_class() expects parameter 1 to be object, string given in [C:\wamp\www\uaiti\cake\libs\xml.php, line 208]
2012-08-02 17:39:13 Warning: Warning (2): Attempt to assign property of non-object in [C:\wamp\www\uaiti\cake\libs\set.php, line 213]
2012-08-02 17:39:13 Warning: Warning (2): get_class() expects parameter 1 to be object, string given in [C:\wamp\www\uaiti\cake\libs\xml.php, line 208]
2012-08-02 17:39:31 Warning: Warning (2): Attempt to assign property of non-object in [C:\wamp\www\uaiti\cake\libs\set.php, line 213]
2012-08-02 17:39:31 Warning: Warning (2): get_class() expects parameter 1 to be object, string given in [C:\wamp\www\uaiti\cake\libs\xml.php, line 208]
2012-08-02 17:43:20 Warning: Warning (2): Attempt to assign property of non-object in [C:\wamp\www\uaiti\cake\libs\set.php, line 213]
2012-08-02 17:43:20 Warning: Warning (2): get_class() expects parameter 1 to be object, string given in [C:\wamp\www\uaiti\cake\libs\xml.php, line 208]
2012-08-02 17:50:41 Warning: Warning (2): Illegal offset type in isset or empty in [C:\wamp\www\uaiti\app\views\json.php, line 25]
2012-08-02 17:50:41 Warning: Warning (2): Illegal offset type in [C:\wamp\www\uaiti\app\views\json.php, line 28]
2012-08-02 17:53:46 Warning: Warning (2): Illegal offset type in isset or empty in [C:\wamp\www\uaiti\app\views\json.php, line 25]
2012-08-02 17:53:46 Warning: Warning (2): Illegal offset type in [C:\wamp\www\uaiti\app\views\json.php, line 28]
2012-08-02 17:54:33 Warning: Warning (2): Attempt to assign property of non-object in [C:\wamp\www\uaiti\cake\libs\set.php, line 213]
2012-08-02 17:54:33 Warning: Warning (2): get_class() expects parameter 1 to be object, string given in [C:\wamp\www\uaiti\cake\libs\xml.php, line 208]
2012-08-02 17:57:17 Warning: Warning (2): Attempt to assign property of non-object in [C:\wamp\www\uaiti\cake\libs\set.php, line 213]
2012-08-02 17:57:17 Warning: Warning (2): get_class() expects parameter 1 to be object, string given in [C:\wamp\www\uaiti\cake\libs\xml.php, line 208]
2012-08-02 17:58:36 Warning: Warning (2): Attempt to assign property of non-object in [C:\wamp\www\uaiti\cake\libs\set.php, line 213]
2012-08-02 17:58:36 Warning: Warning (2): get_class() expects parameter 1 to be object, string given in [C:\wamp\www\uaiti\cake\libs\xml.php, line 208]
2012-08-02 18:00:57 Warning: Warning (2): Attempt to assign property of non-object in [C:\wamp\www\uaiti\cake\libs\set.php, line 213]
2012-08-02 18:00:57 Warning: Warning (2): get_class() expects parameter 1 to be object, string given in [C:\wamp\www\uaiti\cake\libs\xml.php, line 208]
2012-08-02 18:08:02 Warning: Warning (2): Attempt to assign property of non-object in [C:\wamp\www\uaiti\cake\libs\set.php, line 213]
2012-08-02 18:08:02 Warning: Warning (2): get_class() expects parameter 1 to be object, string given in [C:\wamp\www\uaiti\cake\libs\xml.php, line 208]
2012-08-02 18:09:55 Warning: Warning (2): Attempt to assign property of non-object in [C:\wamp\www\uaiti\cake\libs\set.php, line 213]
2012-08-02 18:09:55 Warning: Warning (2): get_class() expects parameter 1 to be object, string given in [C:\wamp\www\uaiti\cake\libs\xml.php, line 208]
2012-08-02 18:12:05 Warning: Warning (2): Attempt to assign property of non-object in [C:\wamp\www\uaiti\cake\libs\set.php, line 213]
2012-08-02 18:12:05 Warning: Warning (2): get_class() expects parameter 1 to be object, string given in [C:\wamp\www\uaiti\cake\libs\xml.php, line 208]
2012-08-02 18:29:22 Warning: Warning (2): Illegal offset type in isset or empty in [C:\wamp\www\uaiti\app\views\json.php, line 25]
2012-08-02 18:29:22 Warning: Warning (2): Illegal offset type in [C:\wamp\www\uaiti\app\views\json.php, line 28]
2012-08-02 18:30:03 Warning: Warning (2): Attempt to assign property of non-object in [C:\wamp\www\uaiti\cake\libs\set.php, line 213]
2012-08-02 18:30:03 Warning: Warning (2): get_class() expects parameter 1 to be object, string given in [C:\wamp\www\uaiti\cake\libs\xml.php, line 208]
2012-08-02 18:31:31 Warning: Warning (2): Attempt to assign property of non-object in [C:\wamp\www\uaiti\cake\libs\set.php, line 213]
2012-08-02 18:31:31 Warning: Warning (2): get_class() expects parameter 1 to be object, string given in [C:\wamp\www\uaiti\cake\libs\xml.php, line 208]
2012-08-02 18:33:16 Warning: Warning (2): Attempt to assign property of non-object in [C:\wamp\www\uaiti\cake\libs\set.php, line 213]
2012-08-02 18:33:16 Warning: Warning (2): get_class() expects parameter 1 to be object, string given in [C:\wamp\www\uaiti\cake\libs\xml.php, line 208]
2012-08-02 18:35:39 Warning: Warning (2): Illegal offset type in isset or empty in [C:\wamp\www\uaiti\app\views\json.php, line 25]
2012-08-02 18:35:39 Warning: Warning (2): Illegal offset type in [C:\wamp\www\uaiti\app\views\json.php, line 28]
2012-08-02 18:38:28 Warning: Warning (2): Illegal offset type in isset or empty in [C:\wamp\www\uaiti\app\views\json.php, line 25]
2012-08-02 18:38:28 Warning: Warning (2): Illegal offset type in [C:\wamp\www\uaiti\app\views\json.php, line 28]
2012-08-02 18:45:22 Warning: Warning (2): Illegal offset type in isset or empty in [C:\wamp\www\uaiti\app\views\json.php, line 25]
2012-08-02 18:45:22 Warning: Warning (2): Illegal offset type in [C:\wamp\www\uaiti\app\views\json.php, line 28]
2012-08-02 18:47:10 Warning: Warning (2): Illegal offset type in isset or empty in [C:\wamp\www\uaiti\app\views\json.php, line 25]
2012-08-02 18:47:10 Warning: Warning (2): Illegal offset type in [C:\wamp\www\uaiti\app\views\json.php, line 28]
2012-08-02 18:50:48 Warning: Warning (2): Illegal offset type in isset or empty in [C:\wamp\www\uaiti\app\views\json.php, line 25]
2012-08-02 18:50:48 Warning: Warning (2): Illegal offset type in [C:\wamp\www\uaiti\app\views\json.php, line 28]
2012-08-02 18:51:40 Warning: Warning (2): Illegal offset type in isset or empty in [C:\wamp\www\uaiti\app\views\json.php, line 25]
2012-08-02 18:51:40 Warning: Warning (2): Illegal offset type in [C:\wamp\www\uaiti\app\views\json.php, line 28]
2012-08-02 18:51:53 Warning: Warning (2): Illegal offset type in isset or empty in [C:\wamp\www\uaiti\app\views\json.php, line 25]
2012-08-02 18:51:53 Warning: Warning (2): Illegal offset type in [C:\wamp\www\uaiti\app\views\json.php, line 28]
2012-08-02 18:57:17 Warning: Warning (2): Illegal offset type in isset or empty in [C:\wamp\www\uaiti\app\views\json.php, line 26]
2012-08-02 18:57:17 Warning: Warning (2): Illegal offset type in [C:\wamp\www\uaiti\app\views\json.php, line 29]
2012-08-02 19:00:12 Warning: Warning (2): Invalid argument supplied for foreach() in [C:\wamp\www\uaiti\app\controllers\books_controller.php, line 13]
2012-08-02 19:03:32 Warning: Warning (4096): Object of class BooksController could not be converted to string in [C:\wamp\www\uaiti\app\controllers\books_controller.php, line 13]
2012-08-02 19:05:43 Warning: Warning (2): Invalid argument supplied for foreach() in [C:\wamp\www\uaiti\app\controllers\books_controller.php, line 13]
2012-08-02 19:06:51 Warning: Warning (2): Invalid argument supplied for foreach() in [C:\wamp\www\uaiti\app\controllers\books_controller.php, line 13]
2012-08-03 00:56:59 Warning: Warning (2): Missing argument 1 for BooksController::author() in [C:\wamp\www\uaiti\app\controllers\books_controller.php, line 22]
2012-08-03 00:59:00 Warning: Warning (2): Missing argument 1 for BooksController::author() in [C:\wamp\www\uaiti\app\controllers\books_controller.php, line 22]
2012-08-03 00:59:32 Warning: Warning (2): Missing argument 1 for BooksController::author() in [C:\wamp\www\uaiti\app\controllers\books_controller.php, line 22]
2012-08-03 01:01:30 Warning: Warning (2): Missing argument 1 for BooksController::author() in [C:\wamp\www\uaiti\app\controllers\books_controller.php, line 22]
2012-08-03 01:01:30 Warning: Warning (4096): Object of class BooksController could not be converted to string in [C:\wamp\www\uaiti\app\controllers\books_controller.php, line 23]
2012-08-03 01:04:08 Warning: Warning (2): Missing argument 1 for BooksController::author() in [C:\wamp\www\uaiti\app\controllers\books_controller.php, line 22]
2012-08-03 01:06:11 Warning: Warning (2): Missing argument 1 for BooksController::author() in [C:\wamp\www\uaiti\app\controllers\books_controller.php, line 22]
2012-08-03 01:06:24 Warning: Warning (2): Missing argument 1 for BooksController::author() in [C:\wamp\www\uaiti\app\controllers\books_controller.php, line 22]
2012-08-03 01:06:37 Warning: Warning (2): Missing argument 1 for BooksController::author() in [C:\wamp\www\uaiti\app\controllers\books_controller.php, line 22]
2012-08-03 01:06:45 Warning: Warning (2): Missing argument 1 for BooksController::author() in [C:\wamp\www\uaiti\app\controllers\books_controller.php, line 22]
2012-08-03 01:06:50 Warning: Warning (2): Missing argument 1 for BooksController::author() in [C:\wamp\www\uaiti\app\controllers\books_controller.php, line 22]
2012-08-03 01:06:51 Warning: Warning (2): Missing argument 1 for BooksController::author() in [C:\wamp\www\uaiti\app\controllers\books_controller.php, line 22]
2012-08-03 01:08:07 Warning: Warning (2): Missing argument 1 for BooksController::author() in [C:\wamp\www\uaiti\app\controllers\books_controller.php, line 22]
2012-08-03 01:16:38 Warning: Warning (2): Missing argument 1 for BooksController::author() in [C:\wamp\www\uaiti\app\controllers\books_controller.php, line 22]
2012-08-03 01:22:19 Warning: Warning (2): Missing argument 1 for BooksController::author() in [C:\wamp\www\uaiti\app\controllers\books_controller.php, line 22]
2012-08-03 01:22:25 Warning: Warning (2): Missing argument 1 for BooksController::author() in [C:\wamp\www\uaiti\app\controllers\books_controller.php, line 22]
2012-08-03 01:24:13 Warning: Warning (2): Missing argument 1 for BooksController::author() in [C:\wamp\www\uaiti\app\controllers\books_controller.php, line 22]
2012-08-03 01:26:24 Warning: Warning (2): Missing argument 1 for BooksController::author() in [C:\wamp\www\uaiti\app\controllers\books_controller.php, line 22]
2012-08-03 01:26:58 Warning: Warning (2): Missing argument 1 for BooksController::author() in [C:\wamp\www\uaiti\app\controllers\books_controller.php, line 22]
2012-08-03 02:01:53 Warning: Warning (2): preg_match() expects parameter 2 to be string, array given in [C:\wamp\www\uaiti\cake\libs\model\datasources\dbo_source.php, line 2020]
2012-08-03 02:01:53 Warning: Warning (2): preg_match() expects parameter 2 to be string, array given in [C:\wamp\www\uaiti\cake\libs\model\datasources\dbo_source.php, line 2022]
2012-08-03 02:01:53 Warning: Warning (2): strpos() expects parameter 1 to be string, array given in [C:\wamp\www\uaiti\cake\libs\model\datasources\dbo_source.php, line 2025]
2012-08-03 02:01:53 Warning: Warning (2): trim() expects parameter 1 to be string, array given in [C:\wamp\www\uaiti\cake\libs\model\datasources\dbo_source.php, line 2027]
2012-08-03 02:01:53 Warning: Warning (512): <span style="color:Red;text-align:left"><b>SQL Error:</b> 1054: Unknown column 'Book.' in 'field list'</span> in [C:\wamp\www\uaiti\cake\libs\model\datasources\dbo_source.php, line 684]
2012-08-03 02:04:20 Warning: Warning (2): preg_match() expects parameter 2 to be string, array given in [C:\wamp\www\uaiti\cake\libs\model\datasources\dbo_source.php, line 2020]
2012-08-03 02:04:20 Warning: Warning (2): preg_match() expects parameter 2 to be string, array given in [C:\wamp\www\uaiti\cake\libs\model\datasources\dbo_source.php, line 2022]
2012-08-03 02:04:20 Warning: Warning (2): strpos() expects parameter 1 to be string, array given in [C:\wamp\www\uaiti\cake\libs\model\datasources\dbo_source.php, line 2025]
2012-08-03 02:04:20 Warning: Warning (2): trim() expects parameter 1 to be string, array given in [C:\wamp\www\uaiti\cake\libs\model\datasources\dbo_source.php, line 2027]
2012-08-03 02:04:20 Warning: Warning (512): <span style="color:Red;text-align:left"><b>SQL Error:</b> 1054: Unknown column 'Book.' in 'field list'</span> in [C:\wamp\www\uaiti\cake\libs\model\datasources\dbo_source.php, line 684]
2012-08-03 02:04:22 Warning: Warning (2): preg_match() expects parameter 2 to be string, array given in [C:\wamp\www\uaiti\cake\libs\model\datasources\dbo_source.php, line 2020]
2012-08-03 02:04:22 Warning: Warning (2): preg_match() expects parameter 2 to be string, array given in [C:\wamp\www\uaiti\cake\libs\model\datasources\dbo_source.php, line 2022]
2012-08-03 02:04:22 Warning: Warning (2): strpos() expects parameter 1 to be string, array given in [C:\wamp\www\uaiti\cake\libs\model\datasources\dbo_source.php, line 2025]
2012-08-03 02:04:22 Warning: Warning (2): trim() expects parameter 1 to be string, array given in [C:\wamp\www\uaiti\cake\libs\model\datasources\dbo_source.php, line 2027]
2012-08-03 02:04:22 Warning: Warning (512): <span style="color:Red;text-align:left"><b>SQL Error:</b> 1054: Unknown column 'Book.' in 'field list'</span> in [C:\wamp\www\uaiti\cake\libs\model\datasources\dbo_source.php, line 684]
2012-08-03 02:05:13 Warning: Warning (2): preg_match() expects parameter 2 to be string, array given in [C:\wamp\www\uaiti\cake\libs\model\datasources\dbo_source.php, line 2020]
2012-08-03 02:05:13 Warning: Warning (2): preg_match() expects parameter 2 to be string, array given in [C:\wamp\www\uaiti\cake\libs\model\datasources\dbo_source.php, line 2022]
2012-08-03 02:05:13 Warning: Warning (2): strpos() expects parameter 1 to be string, array given in [C:\wamp\www\uaiti\cake\libs\model\datasources\dbo_source.php, line 2025]
2012-08-03 02:05:13 Warning: Warning (2): trim() expects parameter 1 to be string, array given in [C:\wamp\www\uaiti\cake\libs\model\datasources\dbo_source.php, line 2027]
2012-08-03 02:05:13 Warning: Warning (512): <span style="color:Red;text-align:left"><b>SQL Error:</b> 1054: Unknown column 'Book.' in 'field list'</span> in [C:\wamp\www\uaiti\cake\libs\model\datasources\dbo_source.php, line 684]
2012-08-03 02:05:14 Warning: Warning (2): preg_match() expects parameter 2 to be string, array given in [C:\wamp\www\uaiti\cake\libs\model\datasources\dbo_source.php, line 2020]
2012-08-03 02:05:14 Warning: Warning (2): preg_match() expects parameter 2 to be string, array given in [C:\wamp\www\uaiti\cake\libs\model\datasources\dbo_source.php, line 2022]
2012-08-03 02:05:14 Warning: Warning (2): strpos() expects parameter 1 to be string, array given in [C:\wamp\www\uaiti\cake\libs\model\datasources\dbo_source.php, line 2025]
2012-08-03 02:05:14 Warning: Warning (2): trim() expects parameter 1 to be string, array given in [C:\wamp\www\uaiti\cake\libs\model\datasources\dbo_source.php, line 2027]
2012-08-03 02:05:14 Warning: Warning (512): <span style="color:Red;text-align:left"><b>SQL Error:</b> 1054: Unknown column 'Book.' in 'field list'</span> in [C:\wamp\www\uaiti\cake\libs\model\datasources\dbo_source.php, line 684]
2012-08-03 02:06:10 Warning: Warning (2): preg_match() expects parameter 2 to be string, array given in [C:\wamp\www\uaiti\cake\libs\model\datasources\dbo_source.php, line 2020]
2012-08-03 02:06:10 Warning: Warning (2): preg_match() expects parameter 2 to be string, array given in [C:\wamp\www\uaiti\cake\libs\model\datasources\dbo_source.php, line 2022]
2012-08-03 02:06:10 Warning: Warning (2): strpos() expects parameter 1 to be string, array given in [C:\wamp\www\uaiti\cake\libs\model\datasources\dbo_source.php, line 2025]
2012-08-03 02:06:10 Warning: Warning (2): trim() expects parameter 1 to be string, array given in [C:\wamp\www\uaiti\cake\libs\model\datasources\dbo_source.php, line 2027]
2012-08-03 02:06:10 Warning: Warning (512): <span style="color:Red;text-align:left"><b>SQL Error:</b> 1054: Unknown column 'Book.' in 'field list'</span> in [C:\wamp\www\uaiti\cake\libs\model\datasources\dbo_source.php, line 684]
2012-08-03 02:52:40 Warning: Warning (2): preg_match() expects parameter 2 to be string, array given in [C:\wamp\www\uaiti\cake\libs\model\datasources\dbo_source.php, line 2020]
2012-08-03 02:52:40 Warning: Warning (2): preg_match() expects parameter 2 to be string, array given in [C:\wamp\www\uaiti\cake\libs\model\datasources\dbo_source.php, line 2022]
2012-08-03 02:52:40 Warning: Warning (2): strpos() expects parameter 1 to be string, array given in [C:\wamp\www\uaiti\cake\libs\model\datasources\dbo_source.php, line 2025]
2012-08-03 02:52:40 Warning: Warning (2): trim() expects parameter 1 to be string, array given in [C:\wamp\www\uaiti\cake\libs\model\datasources\dbo_source.php, line 2027]
2012-08-03 02:52:40 Warning: Warning (512): <span style="color:Red;text-align:left"><b>SQL Error:</b> 1054: Unknown column 'Book.' in 'field list'</span> in [C:\wamp\www\uaiti\cake\libs\model\datasources\dbo_source.php, line 684]
2012-08-03 02:53:15 Warning: Warning (2): preg_match() expects parameter 2 to be string, array given in [C:\wamp\www\uaiti\cake\libs\model\datasources\dbo_source.php, line 2020]
2012-08-03 02:53:15 Warning: Warning (2): preg_match() expects parameter 2 to be string, array given in [C:\wamp\www\uaiti\cake\libs\model\datasources\dbo_source.php, line 2022]
2012-08-03 02:53:15 Warning: Warning (2): strpos() expects parameter 1 to be string, array given in [C:\wamp\www\uaiti\cake\libs\model\datasources\dbo_source.php, line 2025]
2012-08-03 02:53:15 Warning: Warning (2): trim() expects parameter 1 to be string, array given in [C:\wamp\www\uaiti\cake\libs\model\datasources\dbo_source.php, line 2027]
2012-08-03 02:53:15 Warning: Warning (512): <span style="color:Red;text-align:left"><b>SQL Error:</b> 1054: Unknown column 'Book.' in 'field list'</span> in [C:\wamp\www\uaiti\cake\libs\model\datasources\dbo_source.php, line 684]
2012-08-03 02:59:15 Warning: Warning (2): Missing argument 1 for BooksController::author() in [C:\wamp\www\uaiti\app\controllers\books_controller.php, line 29]
2012-08-03 03:00:56 Warning: Warning (2): Missing argument 1 for BooksController::author() in [C:\wamp\www\uaiti\app\controllers\books_controller.php, line 29]
2012-08-03 03:01:42 Warning: Warning (2): Missing argument 1 for BooksController::author() in [C:\wamp\www\uaiti\app\controllers\books_controller.php, line 29]
2012-08-03 03:02:16 Warning: Warning (2): Missing argument 1 for BooksController::author() in [C:\wamp\www\uaiti\app\controllers\books_controller.php, line 29]
2012-08-03 03:05:57 Warning: Warning (2): Missing argument 1 for BooksController::title() in [C:\wamp\www\uaiti\app\controllers\books_controller.php, line 36]
2012-08-03 03:06:02 Warning: Warning (2): Missing argument 1 for BooksController::author() in [C:\wamp\www\uaiti\app\controllers\books_controller.php, line 29]
2012-08-03 03:07:03 Warning: Warning (2): Missing argument 1 for BooksController::title() in [C:\wamp\www\uaiti\app\controllers\books_controller.php, line 36]
2012-08-03 03:07:37 Warning: Warning (2): Missing argument 1 for BooksController::title() in [C:\wamp\www\uaiti\app\controllers\books_controller.php, line 36]
2012-08-03 03:07:39 Warning: Warning (2): Missing argument 1 for BooksController::title() in [C:\wamp\www\uaiti\app\controllers\books_controller.php, line 36]
